TN:
SF:src/router.ts
FN:21,(anonymous_0)
FN:32,(anonymous_1)
FNF:2
FNH:2
FNDA:3,(anonymous_0)
FNDA:5,(anonymous_1)
DA:1,2
DA:2,2
DA:3,2
DA:4,2
DA:6,2
DA:10,2
DA:11,2
DA:16,2
DA:21,3
DA:27,2
DA:32,5
DA:40,2
DA:45,2
DA:50,2
LF:14
LH:14
BRF:0
BRH:0
end_of_record
TN:
SF:src/server.ts
FN:7,connectDB
FN:28,(anonymous_2)
FNF:2
FNH:2
FNDA:3,connectDB
FNDA:1,(anonymous_2)
DA:1,2
DA:2,2
DA:3,2
DA:7,2
DA:8,3
DA:9,3
DA:10,2
DA:15,1
DA:19,2
DA:22,2
DA:25,2
DA:26,2
DA:28,2
DA:29,1
DA:42,2
LF:15
LH:15
BRF:0
BRH:0
end_of_record
TN:
SF:src/config/db.ts
FNF:0
FNH:0
DA:1,2
DA:4,2
DA:6,2
DA:7,2
DA:24,2
LF:5
LH:5
BRF:0
BRH:0
end_of_record
TN:
SF:src/handlers/product.ts
FN:5,(anonymous_1)
FN:29,(anonymous_2)
FN:42,(anonymous_3)
FN:64,(anonymous_4)
FN:84,(anonymous_5)
FN:107,(anonymous_6)
FNF:6
FNH:6
FNDA:1,(anonymous_1)
FNDA:2,(anonymous_2)
FNDA:2,(anonymous_3)
FNDA:3,(anonymous_4)
FNDA:2,(anonymous_5)
FNDA:2,(anonymous_6)
DA:3,2
DA:5,2
DA:21,1
DA:22,1
DA:29,2
DA:30,2
DA:31,2
DA:38,2
DA:42,2
DA:43,2
DA:45,2
DA:46,2
DA:53,2
DA:54,1
DA:56,1
DA:57,1
DA:59,0
DA:60,0
DA:64,2
DA:65,3
DA:66,3
DA:67,3
DA:73,2
DA:74,1
DA:76,1
DA:77,1
DA:78,1
DA:80,1
DA:81,1
DA:84,2
DA:85,2
DA:86,2
DA:87,2
DA:93,2
DA:94,1
DA:97,1
DA:98,1
DA:100,1
DA:102,0
DA:103,0
DA:107,2
DA:108,2
DA:109,2
DA:110,2
DA:116,2
DA:117,1
DA:120,1
DA:121,1
DA:123,0
DA:124,0
LF:50
LH:44
BRDA:53,0,0,1
BRDA:73,1,0,1
BRDA:93,2,0,1
BRDA:116,3,0,1
BRF:4
BRH:4
end_of_record
TN:
SF:src/middleware/index.ts
FN:4,(anonymous_0)
FNF:1
FNH:1
FNDA:16,(anonymous_0)
DA:2,2
DA:4,2
DA:5,16
DA:6,16
DA:7,6
DA:9,10
LF:6
LH:6
BRDA:6,0,0,6
BRF:1
BRH:1
end_of_record
TN:
SF:src/models/Product.model.ts
FNF:0
FNH:0
DA:1,3
DA:6,3
DA:8,3
DA:11,3
DA:15,3
DA:18,3
LF:6
LH:6
BRF:0
BRH:0
end_of_record
